#! /usr/bin/vvp
:ivl_version "11.0 (stable)";
:ivl_delay_selection "TYPICAL";
:vpi_time_precision + 0;
:vpi_module "/usr/lib/x86_64-linux-gnu/ivl/system.vpi";
:vpi_module "/usr/lib/x86_64-linux-gnu/ivl/vhdl_sys.vpi";
:vpi_module "/usr/lib/x86_64-linux-gnu/ivl/vhdl_textio.vpi";
:vpi_module "/usr/lib/x86_64-linux-gnu/ivl/v2005_math.vpi";
:vpi_module "/usr/lib/x86_64-linux-gnu/ivl/va_math.vpi";
S_0x652cb41bfe70 .scope module, "mealy_1101_tb" "mealy_1101_tb" 2 3;
 .timescale 0 0;
v0x652cb41d5650_0 .var "clk", 0 0;
v0x652cb41d5710_0 .var "reset", 0 0;
v0x652cb41d57e0_0 .var "x", 0 0;
v0x652cb41d58e0_0 .net "y", 0 0, v0x652cb41d5510_0;  1 drivers
S_0x652cb41c0000 .scope module, "dut" "mealy_1101" 2 9, 3 1 0, S_0x652cb41bfe70;
 .timescale 0 0;
    .port_info 0 /INPUT 1 "clk";
    .port_info 1 /INPUT 1 "reset";
    .port_info 2 /INPUT 1 "x";
    .port_info 3 /OUTPUT 1 "y";
P_0x652cb41aaa60 .param/l "s0" 0 3 5, C4<00>;
P_0x652cb41aaaa0 .param/l "s1" 0 3 6, C4<01>;
P_0x652cb41aaae0 .param/l "s2" 0 3 7, C4<10>;
P_0x652cb41aab20 .param/l "s3" 0 3 8, C4<11>;
v0x652cb4182cf0_0 .net "clk", 0 0, v0x652cb41d5650_0;  1 drivers
v0x652cb41d5170_0 .var "ns", 1 0;
v0x652cb41d5250_0 .var "ps", 1 0;
v0x652cb41d5340_0 .net "reset", 0 0, v0x652cb41d5710_0;  1 drivers
v0x652cb41d5400_0 .net "x", 0 0, v0x652cb41d57e0_0;  1 drivers
v0x652cb41d5510_0 .var "y", 0 0;
E_0x652cb4183740 .event edge, v0x652cb41d5250_0, v0x652cb41d5400_0;
E_0x652cb41838a0 .event posedge, v0x652cb41d5340_0, v0x652cb4182cf0_0;
    .scope S_0x652cb41c0000;
T_0 ;
    %wait E_0x652cb41838a0;
    %load/vec4 v0x652cb41d5340_0;
    %flag_set/vec4 8;
    %jmp/0xz  T_0.0, 8;
    %pushi/vec4 0, 0, 2;
    %assign/vec4 v0x652cb41d5250_0, 0;
    %jmp T_0.1;
T_0.0 ;
    %load/vec4 v0x652cb41d5170_0;
    %assign/vec4 v0x652cb41d5250_0, 0;
T_0.1 ;
    %jmp T_0;
    .thread T_0;
    .scope S_0x652cb41c0000;
T_1 ;
    %wait E_0x652cb4183740;
    %load/vec4 v0x652cb41d5250_0;
    %dup/vec4;
    %pushi/vec4 0, 0, 2;
    %cmp/u;
    %jmp/1 T_1.0, 6;
    %dup/vec4;
    %pushi/vec4 1, 0, 2;
    %cmp/u;
    %jmp/1 T_1.1, 6;
    %dup/vec4;
    %pushi/vec4 2, 0, 2;
    %cmp/u;
    %jmp/1 T_1.2, 6;
    %dup/vec4;
    %pushi/vec4 3, 0, 2;
    %cmp/u;
    %jmp/1 T_1.3, 6;
    %pushi/vec4 0, 0, 1;
    %store/vec4 v0x652cb41d5510_0, 0, 1;
    %jmp T_1.5;
T_1.0 ;
    %load/vec4 v0x652cb41d5400_0;
    %flag_set/vec4 8;
    %jmp/0 T_1.6, 8;
    %pushi/vec4 1, 0, 2;
    %jmp/1 T_1.7, 8;
T_1.6 ; End of true expr.
    %pushi/vec4 0, 0, 2;
    %jmp/0 T_1.7, 8;
 ; End of false expr.
    %blend;
T_1.7;
    %store/vec4 v0x652cb41d5170_0, 0, 2;
    %pushi/vec4 0, 0, 1;
    %store/vec4 v0x652cb41d5510_0, 0, 1;
    %jmp T_1.5;
T_1.1 ;
    %load/vec4 v0x652cb41d5400_0;
    %flag_set/vec4 8;
    %jmp/0 T_1.8, 8;
    %pushi/vec4 2, 0, 2;
    %jmp/1 T_1.9, 8;
T_1.8 ; End of true expr.
    %pushi/vec4 0, 0, 2;
    %jmp/0 T_1.9, 8;
 ; End of false expr.
    %blend;
T_1.9;
    %store/vec4 v0x652cb41d5170_0, 0, 2;
    %pushi/vec4 0, 0, 1;
    %store/vec4 v0x652cb41d5510_0, 0, 1;
    %jmp T_1.5;
T_1.2 ;
    %load/vec4 v0x652cb41d5400_0;
    %flag_set/vec4 8;
    %jmp/0 T_1.10, 8;
    %pushi/vec4 2, 0, 2;
    %jmp/1 T_1.11, 8;
T_1.10 ; End of true expr.
    %pushi/vec4 3, 0, 2;
    %jmp/0 T_1.11, 8;
 ; End of false expr.
    %blend;
T_1.11;
    %store/vec4 v0x652cb41d5170_0, 0, 2;
    %pushi/vec4 0, 0, 1;
    %store/vec4 v0x652cb41d5510_0, 0, 1;
    %jmp T_1.5;
T_1.3 ;
    %load/vec4 v0x652cb41d5400_0;
    %flag_set/vec4 8;
    %jmp/0 T_1.12, 8;
    %pushi/vec4 1, 0, 2;
    %jmp/1 T_1.13, 8;
T_1.12 ; End of true expr.
    %pushi/vec4 0, 0, 2;
    %jmp/0 T_1.13, 8;
 ; End of false expr.
    %blend;
T_1.13;
    %store/vec4 v0x652cb41d5170_0, 0, 2;
    %load/vec4 v0x652cb41d5400_0;
    %flag_set/vec4 8;
    %jmp/0 T_1.14, 8;
    %pushi/vec4 1, 0, 1;
    %jmp/1 T_1.15, 8;
T_1.14 ; End of true expr.
    %pushi/vec4 0, 0, 1;
    %jmp/0 T_1.15, 8;
 ; End of false expr.
    %blend;
T_1.15;
    %store/vec4 v0x652cb41d5510_0, 0, 1;
    %jmp T_1.5;
T_1.5 ;
    %pop/vec4 1;
    %jmp T_1;
    .thread T_1, $push;
    .scope S_0x652cb41bfe70;
T_2 ;
    %pushi/vec4 0, 0, 1;
    %store/vec4 v0x652cb41d5650_0, 0, 1;
    %pushi/vec4 1, 0, 1;
    %store/vec4 v0x652cb41d5710_0, 0, 1;
    %pushi/vec4 1, 0, 1;
    %store/vec4 v0x652cb41d57e0_0, 0, 1;
    %delay 10, 0;
    %pushi/vec4 0, 0, 1;
    %store/vec4 v0x652cb41d5710_0, 0, 1;
    %pushi/vec4 1, 0, 1;
    %store/vec4 v0x652cb41d57e0_0, 0, 1;
    %delay 10, 0;
    %pushi/vec4 0, 0, 1;
    %store/vec4 v0x652cb41d57e0_0, 0, 1;
    %delay 10, 0;
    %pushi/vec4 1, 0, 1;
    %store/vec4 v0x652cb41d57e0_0, 0, 1;
    %delay 10, 0;
    %pushi/vec4 0, 0, 1;
    %store/vec4 v0x652cb41d57e0_0, 0, 1;
    %delay 10, 0;
    %pushi/vec4 1, 0, 1;
    %store/vec4 v0x652cb41d57e0_0, 0, 1;
    %delay 10, 0;
    %pushi/vec4 1, 0, 1;
    %store/vec4 v0x652cb41d57e0_0, 0, 1;
    %delay 10, 0;
    %pushi/vec4 0, 0, 1;
    %store/vec4 v0x652cb41d57e0_0, 0, 1;
    %delay 10, 0;
    %pushi/vec4 1, 0, 1;
    %store/vec4 v0x652cb41d57e0_0, 0, 1;
    %delay 10, 0;
    %pushi/vec4 0, 0, 1;
    %store/vec4 v0x652cb41d57e0_0, 0, 1;
    %delay 100, 0;
    %vpi_call 2 44 "$finish" {0 0 0};
    %end;
    .thread T_2;
    .scope S_0x652cb41bfe70;
T_3 ;
    %delay 5, 0;
    %load/vec4 v0x652cb41d5650_0;
    %inv;
    %store/vec4 v0x652cb41d5650_0, 0, 1;
    %jmp T_3;
    .thread T_3;
    .scope S_0x652cb41bfe70;
T_4 ;
    %vpi_call 2 53 "$dumpfile", "seq_out.vcd" {0 0 0};
    %vpi_call 2 54 "$dumpvars" {0 0 0};
    %end;
    .thread T_4;
# The file index is used to find the file name in the following table.
:file_names 4;
    "N/A";
    "<interactive>";
    "mealy_1101_tb.v";
    "./mealy_1101.v";
